Chain # 0 added!
Chain # 1 added!
Chain # 2 added!
174.601
159.972
149.517
147.212
140.536
138.391
136.343
131.961
134.717
132.778
129.284
123.52
124.091
123.159
119.082
119.921
121.505
119.358
118.04
116.221
120.448
123.3
121.755
124.231
119.277
117.489
117.195
116.333
119.575
117.941
115.945
114.196
113.605
113.885
114.899
116.184
119.374
119.11
119.768
120.685
118.09
113.959
113.624
110.798
110.437
112.116
112.622
119.224
120.841
122.715
120.418
118.276
117.772
115.891
113.785
113.629
113.092
109.742
111.16
110.118
110.855
109.743
112.129
112.32
114.74
112.836
111.099
111.465
115.538
118.041
114.258
112.773
113.239
117.357
117.546
117.893
112.585
111.701
110.226
111.474
110.723
109.146
112.14
113.975
113.3
111.673
114.836
112.058
111.035
111.393
114.334
116.652
115.955
108.764
110.237
104.091
108.654
109.001
108.573
109.77
109.399
110.716
117.289
112.365
106.851
109.194
109.684
110.814
109.561
110.511
112.83
110.882
107.607
110.766
111.341
111.863
109.272
108.347
107.23
106.056
109.094
106.915
109.27
106.696
107.873
106.617
109.067
107.661
109.848
111.046
108.091
112.461
115.692
114.383
110.352
111.051
111.913
111.003
109.959
108.113
107.549
111.973
113.763
112.48
111.084
111.66
110.593
110.588
111.893
112.26
114.348
111.85
111.971
111.354
113.975
114.412
113.997
114.317
111.312
111.995
108.788
108.966
109.378
109.818
108.882
109.841
108.274
107.57
109.812
111.767
109.993
110.501
116.142
110.315
109.06
108.931
108.055
110.006
109.305
107.494
107.606
108.376
109.316
107.428
105.682
105.648
107.989
110.851
108.306
111.756
110.376
110.622
112.964
113.655
112.96
112.827
111.104
109.153
109.774
109.659
111.423
110.323
110.038
110.218
112.593
111.218
111.266
108.186
108.846
108.751
108.817
105.07
105.908
106.033
107.474
108.566
111.918
112.77
111.668
109.972
110.195
111.328
108.476
112.337
110.556
111.057
109.529
106.055
107.679
108.205
110.153
107.859
106.305
107.624
110.358
109.212
112.639
108.569
108.831
110.135
106.362
105.763
107.239
109.13
112.142
113.135
109.849
111.56
109.323
109.481
110.53
102.714
105.478
104.04
107.204
108.018
109.107
108.465
108.681
109.465
105.407
107.885
106.502
106.93
104.435
106.026
104.696
101.298
104.266
112.261
110.142
110.858
108.792
106.703
111.171
109.263
109.761
109.162
108.324
107.935
110.111
107.765
110.832
112.136
114.398
110.856
113.104
113.596
113.656
114.25
111.506
113.95
112.426
110.959
113.261
111.237
111.104
112.402
112.585
113.562
113.304
110.443
113.17
115.049
112.868
109.818
109.165
110.233
109.443
112.582
114.181
113.018
113.397
112.717
112.753
110.831
113.663
112.598
110.999
110.658
111.924
112.697
114.133
115.884
118.054
114.934
113.384
111.493
113.02
114.709
112.851
105.773
109.091
112.574
110.905
107.575
109.444
111.317
112.682
109.505
104.322
104.119
105.436
104.125
106.549
106.501
106.157
112.361
106.596
109.505
108.408
105.771
110.776
114.257
113.134
110.578
110.038
109.876
109.511
112.596
109.799
110.733
114.641
106.631
112.252
111.468
113.093
117.737
109.938
110.502
112.205
113.055
117.062
110.764
115.941
111.927
107.747
109.854
106.775
111.301
114.485
114.789
108.94
111.492
111.747
110.744
117.018
110.894
107.866
110.497
110.162
110.52
111.498
106.88
105.119
108.768
107.373
107.699
107.03
102.554
106.233
105.457
107.465
106.268
106.698
108.186
107.853
111.382
107.751
107.14
105.978
108.522
111.44
110.193
111.278
110.658
108.438
110.915
112.674
115.567
118.518
116.808
114.596
114.714
114.701
112.045
113.645
116.529
114.249
116.692
114.924
112.903
110.985
110.296
112.558
113.671
110.53
110.537
113.346
113.148
112.357
111.413
109.353
111.603
113.248
119.067
116.791
115.649
116.627
112.707
113.253
114.558
106.365
111.267
109.455
106.757
105.84
106.676
114.643
114.226
111.897
111.256
111.708
111.72
108.406
109.728
112.288
109.455
109.264
105.766
106.335
108.799
111.475
112.06
112.756
111.268
111.721
113.572
114.314
112.014
111.783
110.661
109.188
107.242
106.963
108.803
109.503
110.169
112.635
109.299
110.819
110.703
109.662
111.149
109.733
109.291
111.865
110.502
110.919
108.156
107.626
107.516
104.21
108.276
109.158
108.76
107.639
108.11
108.096
108.934
108.845
108.999
108.952
108.755
108.984
108.893
108.978
111.678
111.002
110.762
110.211
110.222
112.629
111.774
111.435
107.401
114.622
112.33
111.078
111.79
106.634
107.863
107.668
109.444
111.368
112.042
110.091
106.691
107.336
109.65
110.224
111.186
109.479
111.888
110.724
112.481
109.986
110.197
112.133
109.516
112.594
110.77
110.059
108.989
110.342
111.499
113.171
112.656
111.23
111.467
107.857
110.903
108.112
113.397
113.204
110.614
110.069
114.063
112.602
113.634
110.903
105.735
110.928
109.74
112.644
114.327
112.386
109.687
112.276
111.186
109.048
113.744
112.361
113.745
113.49
113.079
112.469
112.221
114.34
114.1
110.947
109.685
113.777
113.317
113.875
113.954
114.601
114.625
114.858
114.486
115.545
115.996
117.524
118.035
113.367
115.26
116.349
117.742
114.915
115.537
111.574
111.979
112.247
113.625
111.79
109.296
110.255
110.247
112.19
109.414
109.508
109.234
109.595
112.095
110.544
110.876
110.137
110.83
109.551
109.573
112.283
110.063
112.438
112.835
112.798
111.969
113.897
114.037
115.309
116.457
119.736
119.211
119.982
117.982
119.851
119.134
116.824
116.862
114.337
113.47
111.845
112.333
114.986
113.401
110.518
108.685
106.698
106.439
107.621
110.382
108.993
112.355
113.46
110.558
111.483
112.751
112.282
111.437
109.008
109.438
108.034
107.369
106.659
105.441
105.346
104.288
106.011
107.61
108.798
107.651
105.788
108.546
106.647
105.576
109.045
108.824
108.814
109.234
106.696
107.695
103.911
107.075
111.974
111.2
112.864
115.381
113.552
116.741
115.869
115.03
114.607
112.532
110.47
107.154
112.422
110.473
112.674
113.975
114.15
113.895
115.441
110.885
108.461
109.863
110.16
112.024
111.503
110.775
107.362
110.332
107.005
110.611
109.375
110.74
109.534
108.783
111.603
110.713
109.861
109.4
109.146
110.572
109.735
113.134
111.753
111.268
109.69
109.943
111.292
108.171
108.007
108.019
109.14
108.945
109.059
109.563
112.632
111.846
112.954
112.091
116.692
113.426
113.28
111.333
114.105
110.765
111.581
110.639
111.248
108.238
112.008
110.553
108.815
109.359
111.251
109.287
109.662
113.07
110.4
107.784
107.84
107.875
106.236
108.99
105.054
104.562
105.042
106.807
110.501
109.855
108.961
107.051
108.039
106.25
104.165
109.424
110.716
110.151
109.814
109.624
105.791
108.749
111.385
112.419
113.256
110.568
111.082
109.473
109.827
109.327
110.029
110.915
109.461
109.441
112.553
109.999
107.571
106.278
112.128
107.291
111.747
110.422
107.517
108.69
109.655
107.551
111.325
112.227
112.735
110.238
109.387
109.432
108.493
105.69
107.064
108.296
109.173
107.058
107.969
106.776
105.483
107.352
112.442
109.975
108.866
107.901
108.003
109.5
110.244
113.788
114.062
114.16
116.482
113.574
112.576
112.349
115.985
115.498
120.226
115.147
115.05
114.955
111.454
112.171
108.291
107.485
108.644
110.876
109.805
109.855
112.189
110.521
110.294
111.88
112.871
114.558
112.995
114.272
116.027
113.547
111.389
112.959
113.353
111.435
110.596
113.273
111.987
108.484
109.633
108.946
109.137
110.82
109.705
109.681
110.705
109.502
112.701
114.608
118.03
118.85
114.705
117.538
112.679
113.573
112.451
111.223
110.555
110.142
111.158
110.407
111.009
113.015
113.586
110.981
111.301
110.118
107.968
106.692
112.685
110.903
110.164
109.392
110.416
113.106
111.189
114.094
112.126
113.015
117.156
120.518
123.366
121.838
120.357
116.504
113.874
114.316
114.68
114.315
115.128
118.738
119.333
119.056
120.267
116.448
114.517
112.031
111.71
115.161
115.254
116.132
115.301
114.231
112.083
111.166
114.035
116.285
113.575
116.571
113.078
113.33
116.134
114.586
111.77
112.276
114.606
114.223
112.134
114.487
117.582
117.721
117.156
116.07
114.101
115.374
112.631
111.373
113.167
113.736
116.607
117.376
113.278
111.649
112.418
113.476
109.163
110.665
112.967
112.567
112.587
111.996
111.464
112.077
115.404
114.97
112.593
110.783
109.74
108.395
110.57
106.679
106.523
107.176
107.536
109.737
109.787
109.718
108.686
108.888
109.02
106.813
109.955
