539.084
513.778
506.502
499.744
489.558
485.82
484.199
480.825
469.174
465.595
461.283
455.499
456.76
456.529
466.396
457.208
452.163
455.867
455.587
455.036
450.75
455.935
455.865
452.893
459.187
448.826
454.958
447.153
448.178
442.189
436.094
438.951
441.911
441.161
435.844
425.758
428.962
432.372
429.646
436.569
435.798
431.808
427.421
428.155
429.951
427.779
418.716
421.535
422.848
429.052
428.348
413.863
418.843
419.399
419.154
421.215
419.054
424.223
425.533
424.609
429.944
423.381
429.977
423.745
426.929
420.173
427.063
428.326
421.231
427.29
429.86
432.647
425.931
420.711
425.292
422.966
424.75
423.366
428.791
430.679
429.694
423.962
423.122
422.907
423.827
426.508
425.846
418.402
422.215
424.927
421.869
421.8
425.631
424.531
422.695
421.163
418.889
423.026
426.171
421.383
421.337
425.221
420.541
423.028
422.036
426.597
431.631
431.444
428.915
428.631
434.54
428.754
433.609
433.102
433.218
428.388
429.364
428.155
430.264
427.801
420.755
421.226
421.944
420.912
417.706
414.588
419.108
421.931
414.161
420.843
415.508
410.736
410.948
412.561
410.099
409.684
406.075
407.039
405.906
403.006
409.12
403.144
405.93
405.588
402.273
409.508
409.214
407.049
409.924
407.771
409.821
410.047
404.914
405.927
403.986
401.722
401.248
406.051
410.33
417.395
415.607
410.771
412.932
419.008
414.362
415.71
406.725
406.435
411.888
409.938
407.283
405.908
410.211
410.686
408.104
406.105
405.53
407.797
410.333
413.689
414.306
413.472
413.854
417.777
415.857
417.867
411.394
416.794
424.289
419.616
417.344
404.541
406.273
405.47
407.817
405.104
401.797
398.475
405.75
403.407
401.428
396.252
395.077
394.536
395.773
387.069
393.059
390.301
398.124
402.019
398.976
398.95
390.199
393.809
391.92
394.697
400.795
403.895
399.653
399.326
399.356
397.58
397.104
395.521
396.837
391.361
390.859
394.649
395.18
394.991
399.555
395.313
394.696
390.652
385.167
385.046
376.152
372.634
380.602
381.821
384.474
381.297
378.777
387.235
392.207
392.85
392.859
388.713
394.687
395.454
397.532
399.153
393.037
395.281
390.358
388.088
391.514
385.925
386.157
393.346
392.658
399.754
399.577
401.503
401.274
395.139
393.383
391.162
390.698
392.815
394.994
396.785
394.727
390.898
387.619
392.948
391.756
388.262
387.273
381.865
383.751
382.569
382.991
388.412
389.776
391.901
393.235
395.63
390.716
392.308
391.385
391.604
398.079
398.564
393.589
398.386
402.002
398.852
406.084
404.121
398.873
396.35
393.575
388
386.116
393.606
382.829
392.275
393.381
392.227
390.307
386.916
388.193
386.825
388.178
398.881
402.2
396.51
396.059
396.579
396.446
395.571
392.025
392.824
394.619
397.082
396.122
396.886
397.48
399.916
401.869
397.048
395.038
402.505
399.327
396.667
394.594
391.978
392.215
387.727
390.683
384.42
382.273
386.158
392.033
384.723
389.393
387.003
387.638
383.724
385.708
379.765
380.631
383.943
387.746
383.309
387.474
383.781
390.607
389.098
385.157
389.557
393.241
403.027
404.49
397.705
400.675
397.53
395.808
390.941
384.136
387.205
393.291
394.366
395.211
393.522
397.955
393.395
393.767
391.011
394.138
399.121
397.561
401.142
396.394
391.209
389.125
387.604
387.933
390.753
386.007
391.818
392.542
397.574
392.659
391.617
394.282
396.201
394.825
397.179
400.139
399.407
398.701
393.591
395.72
396.407
398.768
399.331
399.24
399.295
398.766
402.773
405.896
399.476
402.609
399.435
401.331
398.304
397.933
401.075
402.743
406.101
399.428
404.335
413.502
406.127
402.002
396.892
398.584
393.761
396.126
398.591
395.129
405.777
404.939
399.93
395.999
395.639
396.58
397.335
403.049
407.256
407.312
405.159
401.794
396.041
399.136
402.325
403.678
398.336
390.098
397.71
397.404
399.809
399.625
393.031
390.793
387.562
396.999
399.734
399.881
393.453
395.888
398.512
391.341
392.862
393.532
393.734
399.542
396.086
394.902
398.811
393.836
390.659
392.402
391.964
385.211
387.071
395
393.641
394.195
398.375
401.372
402.583
400.398
395.733
400.816
392.212
391.962
386.985
382.717
386.304
391.88
393.104
387.194
383.197
390.699
395.25
393.491
395.964
398.275
398.022
398.406
391.945
392.817
395.856
396.94
394.987
399.535
395.674
395.703
398.754
400.379
399.327
395.893
394.705
403.026
388.72
389.915
383.123
384.77
399.148
403.865
398.791
399.167
394.918
397.837
397.199
388.194
393.118
394.841
393.101
392.493
396.006
398.843
393.891
393.018
397.071
392.423
385.818
385.567
391.37
391.976
398.218
395.676
392.268
389.478
393.387
399.338
397.165
394.87
390.721
387.719
390.239
389.893
390.991
394.166
397.654
394.385
397.069
396.495
396.722
395.058
395.738
394.594
400.103
395.049
398.469
398.047
395.378
396.086
390.827
384.043
386.155
382.799
383.366
390.96
386.886
387.519
383.394
382.802
383.104
384.435
389.426
387.835
388.458
383.833
387.11
391.496
384.416
389.98
381.139
381.453
378.489
381.949
386.097
385.753
385.693
388.637
387.414
387.476
390.91
392.577
389.839
385.528
386.263
382.913
381.927
387.263
386.763
387.199
386.094
385.198
385.874
387.496
380.435
378.283
380.847
383.285
383.849
377.794
384.147
377.691
376.069
376.827
380.506
381.833
384.169
387.071
387.632
386.873
384.82
384.606
389.502
384.43
379.99
383.683
380.841
378.075
376.189
377.496
380.552
380.95
382.325
379.202
383.546
379.431
381.007
381.017
378.452
376.069
376.182
377.209
377.633
374.792
372.955
373.65
376.48
374.644
374.165
374.909
377.509
374.796
380.032
379.133
372.477
378.466
381.662
382.926
380.048
382.981
383.788
382.724
383.411
378.735
380.201
385.157
385.222
377.492
376.713
376.454
378.273
379.708
377.522
379.296
379.532
378.307
379.119
375.912
373.852
371.754
374.944
375.742
380.409
380.46
379.066
376.012
370.932
371.451
371.324
369.312
373.861
378.017
372.962
378.738
374.692
376.466
375.322
380.599
382.244
381.634
375.31
372.88
376.565
370.971
377.175
380.021
379.325
382.665
387.338
385.214
385.776
384.381
385.809
383.388
382.878
384.02
386.641
381.096
382.221
383.14
384.104
382.721
385.357
383.589
379.655
384.992
387.933
380.58
381.885
386.511
387.147
377.942
375.049
376.559
379.844
383.508
382.724
381.381
386.2
388.083
386.968
386.451
385.121
379.206
376.68
376.326
366.243
372.254
375.4
373.356
375.198
375.596
377.017
375.359
374.666
375.393
370.781
369.206
371.513
371.725
386.468
380.54
374.341
377.033
374.856
372.855
374.981
375.774
374.849
380.584
374.699
373.675
375.789
372.409
374.577
379.779
374.321
375.083
376.868
377.108
378.098
374.316
376.419
376.469
375.059
375.614
373.923
373.369
368.41
370.039
369.087
373.492
372.628
373.606
367.587
372.538
373.719
378.835
380.396
381.527
377.34
378.546
382.143
377.49
378.752
372.675
376.586
374.993
377.205
368.367
378.364
377.298
376.197
372.2
373.992
378.267
383.026
385.462
389.566
388.331
384.635
389.434
388.439
384.656
385.798
381.082
384.312
377.054
377.808
383.817
384.75
380.176
378.005
383.119
385.496
383.714
380.868
375.504
379.717
377.46
379.075
380.251
378.201
380.863
374.924
378.61
378.269
374.594
374.099
379.017
375.822
377.969
381.988
390.038
389.91
387.037
384.203
382.331
380.148
381.773
383.039
384.388
381.09
380.633
378.07
380.751
377.751
380.24
378.384
377.785
384.871
382.36
381.795
380.222
377.118
381.65
381.756
381.541
382.983
379.576
381.354
382.82
381.317
378.994
379.694
383.204
384.867
380.75
375.095
374.383
372.108
374.243
376.715
378.339
378.487
375.294
377.046
374.706
376.29
375.39
376.547
378.503
376.52
379.807
381.081
383.026
382.119
382.083
388.608
390.089
386.727
385.405
388.43
392.927
394.664
393.604
392.047
389.686
391.922
391.047
392.157
388.342
382.458
382.372
386.453
384.125
380.971
385.887
376.792
377.236
373.537
374.729
368.649
373.116
371.93
375.854
378.833
370.67
370.09
372.766
370.383
373.914
370.736
379.495
373.491
373.997
377.683
379.499
381.251
383.542
377.134
379.345
380.019
374.676
378.666
383.634
385.574
381.747
383.274
380.265
378.798
384.593
377.873
377.114
375.418
378.976
376.61
378.637
378.94
368.761
373.447
376.86
376.607
372.594
373.249
377.324
374.758
381.729
372.228
379.107
378.465
380.159
379.702
379.794
376.49
372.995
368.497
374.215
374.302
372.132